2018-12-29 16:01:23,701 [Worker-8] INFO  o.e.m.c.i.l.LifecycleMappingFactory - Using org.eclipse.m2e.jdt.JarLifecycleMapping lifecycle mapping for MavenProject: com.zzh.demo:springboot-demo:0.0.1-SNAPSHOT @ D:\Software\Programmer\Java\Eclipse\My-WorkSpace\sb-hibernate\pom.xml.
2018-12-29 16:01:27,302 [Worker-8] INFO  o.e.m.c.i.embedder.EclipseLogger - Using 'UTF-8' encoding to copy filtered resources.
2018-12-29 16:01:27,310 [Worker-8] INFO  o.e.m.c.i.embedder.EclipseLogger - Copying 1 resource
2018-12-29 16:01:27,341 [Worker-8] INFO  o.e.m.c.i.embedder.EclipseLogger - Copying 0 resource
2018-12-29 16:01:27,344 [Worker-8] INFO  o.e.m.c.i.embedder.EclipseLogger - Using 'UTF-8' encoding to copy filtered resources.
2018-12-29 16:01:27,345 [Worker-8] INFO  o.e.m.c.i.embedder.EclipseLogger - skip non existing resourceDirectory D:\Software\Programmer\Java\Eclipse\My-WorkSpace\sb-hibernate\src\test\resources
2018-12-29 16:01:41,113 [Worker-7] INFO  o.e.m.c.i.embedder.EclipseLogger - Using 'UTF-8' encoding to copy filtered resources.
2018-12-29 16:01:41,123 [Worker-7] INFO  o.e.m.c.i.embedder.EclipseLogger - Copying 1 resource
2018-12-29 16:01:41,126 [Worker-7] INFO  o.e.m.c.i.embedder.EclipseLogger - Copying 0 resource
2018-12-29 16:01:41,129 [Worker-7] INFO  o.e.m.c.i.embedder.EclipseLogger - Using 'UTF-8' encoding to copy filtered resources.
2018-12-29 16:01:41,129 [Worker-7] INFO  o.e.m.c.i.embedder.EclipseLogger - skip non existing resourceDirectory D:\Software\Programmer\Java\Eclipse\My-WorkSpace\sb-hibernate\src\test\resources
2018-12-29 16:01:41,639 [Worker-7] INFO  o.e.m.c.i.l.LifecycleMappingFactory - Using org.eclipse.m2e.jdt.JarLifecycleMapping lifecycle mapping for MavenProject: com.zzh.demo:springboot-demo:0.0.1-SNAPSHOT @ D:\Software\Programmer\Java\Eclipse\My-WorkSpace\sb-mybatis\pom.xml.
2018-12-29 16:01:43,711 [Worker-7] INFO  o.e.m.c.i.embedder.EclipseLogger - Using 'UTF-8' encoding to copy filtered resources.
2018-12-29 16:01:43,712 [Worker-7] INFO  o.e.m.c.i.embedder.EclipseLogger - Copying 1 resource
2018-12-29 16:01:43,714 [Worker-7] INFO  o.e.m.c.i.embedder.EclipseLogger - Copying 2 resources
2018-12-29 16:01:43,726 [Worker-7] INFO  o.e.m.c.i.embedder.EclipseLogger - Using 'UTF-8' encoding to copy filtered resources.
2018-12-29 16:01:43,727 [Worker-7] INFO  o.e.m.c.i.embedder.EclipseLogger - skip non existing resourceDirectory D:\Software\Programmer\Java\Eclipse\My-WorkSpace\sb-mybatis\src\test\resources
2018-12-29 16:01:44,044 [Worker-7] INFO  o.e.m.c.i.l.LifecycleMappingFactory - Using org.maven.ide.eclipse.wtp.WarLifecycleMapping lifecycle mapping for MavenProject: com.zzh.springdemo:springdemo:0.0.1-SNAPSHOT @ D:\Software\Programmer\Java\Eclipse\My-WorkSpace\springdemo\pom.xml.
2018-12-29 16:01:44,507 [Worker-7] INFO  o.e.m.c.i.e.AbstractTransferListenerAdapter - Downloading http://maven.aliyun.com/nexus/content/groups/public/com/google/inject/guice/2.0/guice-2.0.pom
2018-12-29 16:01:44,720 [Worker-7] INFO  o.e.m.c.i.e.AbstractTransferListenerAdapter - Downloaded http://maven.aliyun.com/nexus/content/groups/public/com/google/inject/guice/2.0/guice-2.0.pom
2018-12-29 16:01:44,818 [Worker-7] INFO  o.e.m.c.i.e.AbstractTransferListenerAdapter - Downloading http://maven.aliyun.com/nexus/content/groups/public/com/google/inject/guice-parent/2.0/guice-parent-2.0.pom
2018-12-29 16:01:45,045 [Worker-7] INFO  o.e.m.c.i.e.AbstractTransferListenerAdapter - Downloaded http://maven.aliyun.com/nexus/content/groups/public/com/google/inject/guice-parent/2.0/guice-parent-2.0.pom
2018-12-29 16:01:45,256 [Worker-7] INFO  o.e.m.c.i.e.AbstractTransferListenerAdapter - Downloading http://maven.aliyun.com/nexus/content/groups/public/com/google/inject/guice/2.0/guice-2.0.jar
2018-12-29 16:01:45,832 [Worker-7] INFO  o.e.m.c.i.e.AbstractTransferListenerAdapter - Downloaded http://maven.aliyun.com/nexus/content/groups/public/com/google/inject/guice/2.0/guice-2.0.jar
2018-12-29 16:01:46,902 [Worker-7] WARN  o.e.m.c.i.embedder.EclipseLogger - Using platform encoding (GBK actually) to copy filtered resources, i.e. build is platform dependent!
2018-12-29 16:01:46,904 [Worker-7] INFO  o.e.m.c.i.embedder.EclipseLogger - Copying 1 resource
2018-12-29 16:01:46,917 [Worker-7] WARN  o.e.m.c.i.embedder.EclipseLogger - Using platform encoding (GBK actually) to copy filtered resources, i.e. build is platform dependent!
2018-12-29 16:01:46,918 [Worker-7] INFO  o.e.m.c.i.embedder.EclipseLogger - skip non existing resourceDirectory D:\Software\Programmer\Java\Eclipse\My-WorkSpace\springdemo\src\test\resources
2018-12-29 16:01:52,983 [Worker-0] INFO  o.e.m.c.i.embedder.EclipseLogger - Using 'UTF-8' encoding to copy filtered resources.
2018-12-29 16:01:52,985 [Worker-0] INFO  o.e.m.c.i.embedder.EclipseLogger - Copying 1 resource
2018-12-29 16:01:52,988 [Worker-0] INFO  o.e.m.c.i.embedder.EclipseLogger - Copying 2 resources
2018-12-29 16:01:52,998 [Worker-0] INFO  o.e.m.c.i.embedder.EclipseLogger - Using 'UTF-8' encoding to copy filtered resources.
2018-12-29 16:01:52,998 [Worker-0] INFO  o.e.m.c.i.embedder.EclipseLogger - skip non existing resourceDirectory D:\Software\Programmer\Java\Eclipse\My-WorkSpace\sb-mybatis\src\test\resources
2018-12-29 16:01:53,375 [Worker-12] WARN  o.e.m.c.i.embedder.EclipseLogger - Using platform encoding (GBK actually) to copy filtered resources, i.e. build is platform dependent!
2018-12-29 16:01:53,379 [Worker-12] INFO  o.e.m.c.i.embedder.EclipseLogger - Copying 1 resource
2018-12-29 16:01:53,384 [Worker-12] WARN  o.e.m.c.i.embedder.EclipseLogger - Using platform encoding (GBK actually) to copy filtered resources, i.e. build is platform dependent!
2018-12-29 16:01:53,385 [Worker-12] INFO  o.e.m.c.i.embedder.EclipseLogger - skip non existing resourceDirectory D:\Software\Programmer\Java\Eclipse\My-WorkSpace\springdemo\src\test\resources
2018-12-29 16:03:41,804 [Worker-7] INFO  o.e.m.w.i.f.ResourceFilteringBuildParticipant - Cleaning filtered folder for springdemo
2018-12-29 16:03:42,906 [Worker-6] INFO  o.e.m.c.i.embedder.EclipseLogger - Using 'UTF-8' encoding to copy filtered resources.
2018-12-29 16:03:42,906 [Worker-6] INFO  o.e.m.c.i.embedder.EclipseLogger - Copying 1 resource
2018-12-29 16:03:42,909 [Worker-6] INFO  o.e.m.c.i.embedder.EclipseLogger - Copying 0 resource
2018-12-29 16:03:42,913 [Worker-6] INFO  o.e.m.c.i.embedder.EclipseLogger - Using 'UTF-8' encoding to copy filtered resources.
2018-12-29 16:03:42,913 [Worker-6] INFO  o.e.m.c.i.embedder.EclipseLogger - skip non existing resourceDirectory D:\Software\Programmer\Java\Eclipse\My-WorkSpace\sb-hibernate\src\test\resources
2018-12-29 16:03:44,009 [Worker-7] INFO  o.e.m.c.i.embedder.EclipseLogger - Using 'UTF-8' encoding to copy filtered resources.
2018-12-29 16:03:44,009 [Worker-7] INFO  o.e.m.c.i.embedder.EclipseLogger - Copying 1 resource
2018-12-29 16:03:44,012 [Worker-7] INFO  o.e.m.c.i.embedder.EclipseLogger - Copying 2 resources
2018-12-29 16:03:44,023 [Worker-7] INFO  o.e.m.c.i.embedder.EclipseLogger - Using 'UTF-8' encoding to copy filtered resources.
2018-12-29 16:03:44,023 [Worker-7] INFO  o.e.m.c.i.embedder.EclipseLogger - skip non existing resourceDirectory D:\Software\Programmer\Java\Eclipse\My-WorkSpace\sb-mybatis\src\test\resources
2018-12-29 16:03:44,097 [Worker-7] WARN  o.e.m.c.i.embedder.EclipseLogger - Using platform encoding (GBK actually) to copy filtered resources, i.e. build is platform dependent!
2018-12-29 16:03:44,098 [Worker-7] INFO  o.e.m.c.i.embedder.EclipseLogger - Copying 1 resource
2018-12-29 16:03:44,105 [Worker-7] WARN  o.e.m.c.i.embedder.EclipseLogger - Using platform encoding (GBK actually) to copy filtered resources, i.e. build is platform dependent!
2018-12-29 16:03:44,106 [Worker-7] INFO  o.e.m.c.i.embedder.EclipseLogger - skip non existing resourceDirectory D:\Software\Programmer\Java\Eclipse\My-WorkSpace\springdemo\src\test\resources
2018-12-29 16:03:44,106 [Worker-7] INFO  o.e.m.w.i.f.ResourceFilteringBuildParticipant - Changed resources require a complete clean of filtered resources of springdemo
2018-12-29 16:03:44,107 [Worker-7] INFO  o.e.m.w.i.f.ResourceFilteringBuildParticipant - Executing resource filtering for springdemo
2018-12-29 16:03:44,160 [Worker-7] WARN  o.e.m.c.i.embedder.EclipseLogger - Using platform encoding (GBK actually) to copy filtered resources, i.e. build is platform dependent!
2018-12-29 16:04:02,125 [Worker-13] INFO  o.e.m.c.i.p.ProjectConfigurationManager - Update started
2018-12-29 16:04:03,072 [Worker-13] INFO  o.e.m.c.i.l.LifecycleMappingFactory - Using org.eclipse.m2e.jdt.JarLifecycleMapping lifecycle mapping for MavenProject: com.zzh.demo:springboot-demo:0.0.1-SNAPSHOT @ D:\Software\Programmer\Java\Eclipse\My-WorkSpace\sb-hibernate\pom.xml.
2018-12-29 16:04:03,595 [Worker-13] INFO  o.e.m.c.i.l.LifecycleMappingFactory - Using org.eclipse.m2e.jdt.JarLifecycleMapping lifecycle mapping for MavenProject: com.zzh.demo:springboot-demo:0.0.1-SNAPSHOT @ D:\Software\Programmer\Java\Eclipse\My-WorkSpace\sb-mybatis\pom.xml.
2018-12-29 16:04:03,748 [Worker-13] INFO  o.e.m.c.i.l.LifecycleMappingFactory - Using org.maven.ide.eclipse.wtp.WarLifecycleMapping lifecycle mapping for MavenProject: com.zzh.springdemo:springdemo:0.0.1-SNAPSHOT @ D:\Software\Programmer\Java\Eclipse\My-WorkSpace\springdemo\pom.xml.
2018-12-29 16:04:04,821 [Worker-13] INFO  o.e.m.j.i.AbstractJavaProjectConfigurator - Adding source folder /sb-hibernate/src/main/java
2018-12-29 16:04:04,821 [Worker-13] INFO  o.e.m.j.i.AbstractJavaProjectConfigurator - Adding resource folder /sb-hibernate/src/main/resources
2018-12-29 16:04:04,822 [Worker-13] INFO  o.e.m.j.i.AbstractJavaProjectConfigurator - Adding resource folder /sb-hibernate/src/main/resources
2018-12-29 16:04:04,823 [Worker-13] INFO  o.e.m.j.i.AbstractJavaProjectConfigurator - Adding source folder /sb-hibernate/src/test/java
2018-12-29 16:04:04,973 [Worker-13] INFO  o.e.m.j.i.AbstractJavaProjectConfigurator - Adding source folder /sb-mybatis/src/main/java
2018-12-29 16:04:04,973 [Worker-13] INFO  o.e.m.j.i.AbstractJavaProjectConfigurator - Adding resource folder /sb-mybatis/src/main/resources
2018-12-29 16:04:04,974 [Worker-13] INFO  o.e.m.j.i.AbstractJavaProjectConfigurator - Adding resource folder /sb-mybatis/src/main/resources
2018-12-29 16:04:04,975 [Worker-13] INFO  o.e.m.j.i.AbstractJavaProjectConfigurator - Adding source folder /sb-mybatis/src/test/java
2018-12-29 16:04:05,248 [Worker-13] INFO  o.e.m.j.i.AbstractJavaProjectConfigurator - Adding source folder /springdemo/src/main/java
2018-12-29 16:04:05,248 [Worker-13] INFO  o.e.m.j.i.AbstractJavaProjectConfigurator - Adding resource folder /springdemo/src/main/resources
2018-12-29 16:04:05,361 [Worker-13] INFO  o.e.m.j.i.AbstractJavaProjectConfigurator - Adding source folder /springdemo/src/test/java
2018-12-29 16:04:26,596 [Worker-13] ERROR o.e.m.w.j.i.u.xpl.JSFAppConfigUtils - Could not read web.xml
org.eclipse.emf.ecore.resource.impl.ResourceSetImpl$1DiagnosticWrappedException: org.eclipse.emf.ecore.xmi.IllegalValueException: Value '4.0' is not legal. (platform:/resource/springdemo/src/main/webapp/WEB-INF/web.xml, 6, 16)
	at org.eclipse.emf.ecore.resource.impl.ResourceSetImpl.handleDemandLoadException(ResourceSetImpl.java:319) ~[na:na]
	at org.eclipse.emf.ecore.resource.impl.ResourceSetImpl.demandLoadHelper(ResourceSetImpl.java:278) ~[na:na]
	at org.eclipse.jem.internal.util.emf.workbench.ProjectResourceSetImpl.getResource(ProjectResourceSetImpl.java:1064) ~[na:na]
	at org.eclipse.jst.jee.model.internal.JEE5ModelProvider.getModelResource(JEE5ModelProvider.java:185) ~[na:na]
	at org.eclipse.jst.jee.model.internal.Web25ModelProvider.getModelObject(Web25ModelProvider.java:44) ~[na:na]
	at org.eclipse.jst.jee.model.internal.JEE5ModelProvider.getModelObject(JEE5ModelProvider.java:231) ~[na:na]
	at org.eclipse.jst.jee.model.internal.common.AbstractMergedModelProvider.loadProviders(AbstractMergedModelProvider.java:261) ~[na:na]
	at org.eclipse.jst.jee.model.internal.common.AbstractMergedModelProvider.access$2(AbstractMergedModelProvider.java:255) ~[na:na]
	at org.eclipse.jst.jee.model.internal.common.AbstractMergedModelProvider$LoadModelsWorkspaceRunnable.run(AbstractMergedModelProvider.java:278) ~[na:na]
	at org.eclipse.core.internal.resources.Workspace.run(Workspace.java:2240) ~[org.eclipse.core.resources_3.11.1.v20161107-2032.jar:na]
	at org.eclipse.core.internal.resources.Workspace.run(Workspace.java:2267) ~[org.eclipse.core.resources_3.11.1.v20161107-2032.jar:na]
	at org.eclipse.jst.jee.model.internal.common.AbstractMergedModelProvider.loadModel(AbstractMergedModelProvider.java:249) ~[na:na]
	at org.eclipse.jst.jee.model.internal.common.AbstractMergedModelProvider.getMergedModel(AbstractMergedModelProvider.java:219) ~[na:na]
	at org.eclipse.jst.jee.model.internal.common.AbstractMergedModelProvider.getModelObject(AbstractMergedModelProvider.java:139) ~[na:na]
	at org.eclipse.m2e.wtp.jsf.internal.utils.xpl.JSFAppConfigUtils.getConfigFilesFromContextParam(JSFAppConfigUtils.java:86) ~[org.eclipse.m2e.wtp.jsf_1.3.1.20160831-1005.jar:na]
	at org.eclipse.m2e.wtp.jsf.internal.utils.JSFUtils.getFacesconfig(JSFUtils.java:68) [org.eclipse.m2e.wtp.jsf_1.3.1.20160831-1005.jar:na]
	at org.eclipse.m2e.wtp.jsf.internal.utils.JSFUtils.getVersionFromFacesconfig(JSFUtils.java:84) [org.eclipse.m2e.wtp.jsf_1.3.1.20160831-1005.jar:na]
	at org.eclipse.m2e.wtp.jsf.internal.configurators.FacesConfigJSFFacetDetector.findFacetVersion(FacesConfigJSFFacetDetector.java:36) [org.eclipse.m2e.wtp.jsf_1.3.1.20160831-1005.jar:na]
	at org.eclipse.m2e.wtp.facets.FacetDetectorManager.findFacetVersion(FacetDetectorManager.java:91) [org.eclipse.m2e.wtp_1.3.1.20160831-1005.jar:na]
	at org.eclipse.m2e.wtp.facets.FacetDetectorManager.findFacetVersion(FacetDetectorManager.java:61) [org.eclipse.m2e.wtp_1.3.1.20160831-1005.jar:na]
	at org.eclipse.m2e.wtp.jsf.internal.configurators.JSFProjectConfigurator.configureInternal(JSFProjectConfigurator.java:93) [org.eclipse.m2e.wtp.jsf_1.3.1.20160831-1005.jar:na]
	at org.eclipse.m2e.wtp.jsf.internal.configurators.JSFProjectConfigurator.configure(JSFProjectConfigurator.java:68) [org.eclipse.m2e.wtp.jsf_1.3.1.20160831-1005.jar:na]
	at org.eclipse.m2e.core.project.configurator.AbstractLifecycleMapping.configure(AbstractLifecycleMapping.java:120) [org.eclipse.m2e.core_1.7.0.20160603-1933.jar:na]
	at org.eclipse.m2e.core.internal.project.ProjectConfigurationManager$3.call(ProjectConfigurationManager.java:501) [org.eclipse.m2e.core_1.7.0.20160603-1933.jar:na]
	at org.eclipse.m2e.core.internal.project.ProjectConfigurationManager$3.call(ProjectConfigurationManager.java:1) [org.eclipse.m2e.core_1.7.0.20160603-1933.jar:na]
	at org.eclipse.m2e.core.internal.embedder.MavenExecutionContext.executeBare(MavenExecutionContext.java:176) [org.eclipse.m2e.core_1.7.0.20160603-1933.jar:na]
	at org.eclipse.m2e.core.internal.embedder.MavenExecutionContext.execute(MavenExecutionContext.java:151) [org.eclipse.m2e.core_1.7.0.20160603-1933.jar:na]
	at org.eclipse.m2e.core.internal.project.ProjectConfigurationManager.updateProjectConfiguration(ProjectConfigurationManager.java:494) [org.eclipse.m2e.core_1.7.0.20160603-1933.jar:na]
	at org.eclipse.m2e.core.internal.project.ProjectConfigurationManager.updateProjectConfiguration0(ProjectConfigurationManager.java:432) [org.eclipse.m2e.core_1.7.0.20160603-1933.jar:na]
	at org.eclipse.m2e.core.internal.project.ProjectConfigurationManager$2.call(ProjectConfigurationManager.java:345) [org.eclipse.m2e.core_1.7.0.20160603-1933.jar:na]
	at org.eclipse.m2e.core.internal.project.ProjectConfigurationManager$2.call(ProjectConfigurationManager.java:1) [org.eclipse.m2e.core_1.7.0.20160603-1933.jar:na]
	at org.eclipse.m2e.core.internal.embedder.MavenExecutionContext.executeBare(MavenExecutionContext.java:176) [org.eclipse.m2e.core_1.7.0.20160603-1933.jar:na]
	at org.eclipse.m2e.core.internal.embedder.MavenExecutionContext.execute(MavenExecutionContext.java:151) [org.eclipse.m2e.core_1.7.0.20160603-1933.jar:na]
	at org.eclipse.m2e.core.internal.embedder.MavenExecutionContext.execute(MavenExecutionContext.java:99) [org.eclipse.m2e.core_1.7.0.20160603-1933.jar:na]
	at org.eclipse.m2e.core.internal.embedder.MavenImpl.execute(MavenImpl.java:1351) [org.eclipse.m2e.core_1.7.0.20160603-1933.jar:na]
	at org.eclipse.m2e.core.internal.project.ProjectConfigurationManager.updateProjectConfiguration(ProjectConfigurationManager.java:342) [org.eclipse.m2e.core_1.7.0.20160603-1933.jar:na]
	at org.eclipse.m2e.core.ui.internal.UpdateMavenProjectJob.runInWorkspace(UpdateMavenProjectJob.java:77) [org.eclipse.m2e.core.ui_1.7.0.20160603-1933.jar:na]
	at org.eclipse.core.internal.resources.InternalWorkspaceJob.run(InternalWorkspaceJob.java:39) [org.eclipse.core.resources_3.11.1.v20161107-2032.jar:na]
	at org.eclipse.core.internal.jobs.Worker.run(Worker.java:55) [org.eclipse.core.jobs_3.8.0.v20160509-0411.jar:na]
Caused by: org.eclipse.emf.ecore.xmi.IllegalValueException: Value '4.0' is not legal. (platform:/resource/springdemo/src/main/webapp/WEB-INF/web.xml, 6, 16)
	at org.eclipse.emf.ecore.xmi.impl.XMLHandler.setFeatureValue(XMLHandler.java:2697) ~[na:na]
	at org.eclipse.emf.ecore.xmi.impl.XMLHandler.setAttribValue(XMLHandler.java:2751) ~[na:na]
	at org.eclipse.emf.ecore.xmi.impl.SAXXMIHandler.handleObjectAttribs(SAXXMIHandler.java:74) ~[na:na]
	at org.eclipse.emf.ecore.xmi.impl.XMLHandler.createObjectFromFactory(XMLHandler.java:2229) ~[na:na]
	at org.eclipse.emf.ecore.xmi.impl.XMLHandler.createObjectFromFeatureType(XMLHandler.java:2195) ~[na:na]
	at org.eclipse.emf.ecore.xmi.impl.XMLHandler.createObject(XMLHandler.java:2071) ~[na:na]
	at org.eclipse.emf.ecore.xmi.impl.XMIHandler.createObject(XMIHandler.java:151) ~[na:na]
	at org.eclipse.emf.ecore.xmi.impl.XMLHandler.handleFeature(XMLHandler.java:1850) ~[na:na]
	at org.eclipse.emf.ecore.xmi.impl.XMLHandler.createDocumentRoot(XMLHandler.java:1493) ~[na:na]
	at org.eclipse.emf.ecore.xmi.impl.XMIHandler.createDocumentRoot(XMIHandler.java:109) ~[na:na]
	at org.eclipse.emf.ecore.xmi.impl.XMLHandler.createObjectByType(XMLHandler.java:1355) ~[na:na]
	at org.eclipse.emf.ecore.xmi.impl.XMLHandler.createTopObject(XMLHandler.java:1504) ~[na:na]
	at org.eclipse.emf.ecore.xmi.impl.XMLHandler.processElement(XMLHandler.java:1026) ~[na:na]
	at org.eclipse.emf.ecore.xmi.impl.XMIHandler.processElement(XMIHandler.java:78) ~[na:na]
	at org.eclipse.emf.ecore.xmi.impl.XMLHandler.startElement(XMLHandler.java:1008) ~[na:na]
	at org.eclipse.emf.ecore.xmi.impl.XMLHandler.startElement(XMLHandler.java:719) ~[na:na]
	at org.eclipse.emf.ecore.xmi.impl.XMIHandler.startElement(XMIHandler.java:190) ~[na:na]
	at com.sun.org.apache.xerces.internal.parsers.AbstractSAXParser.startElement(AbstractSAXParser.java:509) ~[na:1.8.0_131]
	at com.sun.org.apache.xerces.internal.impl.XMLNSDocumentScannerImpl.scanStartElement(XMLNSDocumentScannerImpl.java:374) ~[na:1.8.0_131]
	at com.sun.org.apache.xerces.internal.impl.XMLNSDocumentScannerImpl$NSContentDriver.scanRootElementHook(XMLNSDocumentScannerImpl.java:613) ~[na:1.8.0_131]
	at com.sun.org.apache.xerces.internal.impl.XMLDocumentFragmentScannerImpl$FragmentContentDriver.next(XMLDocumentFragmentScannerImpl.java:3132) ~[na:1.8.0_131]
	at com.sun.org.apache.xerces.internal.impl.XMLDocumentScannerImpl$PrologDriver.next(XMLDocumentScannerImpl.java:852) ~[na:1.8.0_131]
	at com.sun.org.apache.xerces.internal.impl.XMLDocumentScannerImpl.next(XMLDocumentScannerImpl.java:602) ~[na:1.8.0_131]
	at com.sun.org.apache.xerces.internal.impl.XMLNSDocumentScannerImpl.next(XMLNSDocumentScannerImpl.java:112) ~[na:1.8.0_131]
	at com.sun.org.apache.xerces.internal.impl.XMLDocumentFragmentScannerImpl.scanDocument(XMLDocumentFragmentScannerImpl.java:505) ~[na:1.8.0_131]
	at com.sun.org.apache.xerces.internal.parsers.XML11Configuration.parse(XML11Configuration.java:841) ~[na:1.8.0_131]
	at com.sun.org.apache.xerces.internal.parsers.XML11Configuration.parse(XML11Configuration.java:770) ~[na:1.8.0_131]
	at com.sun.org.apache.xerces.internal.parsers.XMLParser.parse(XMLParser.java:141) ~[na:1.8.0_131]
	at com.sun.org.apache.xerces.internal.parsers.AbstractSAXParser.parse(AbstractSAXParser.java:1213) ~[na:1.8.0_131]
	at com.sun.org.apache.xerces.internal.jaxp.SAXParserImpl$JAXPSAXParser.parse(SAXParserImpl.java:643) ~[na:1.8.0_131]
	at com.sun.org.apache.xerces.internal.jaxp.SAXParserImpl.parse(SAXParserImpl.java:327) ~[na:1.8.0_131]
	at org.eclipse.emf.ecore.xmi.impl.XMLLoadImpl.load(XMLLoadImpl.java:175) ~[na:na]
	at org.eclipse.emf.ecore.xmi.impl.XMLResourceImpl.doLoad(XMLResourceImpl.java:261) ~[na:na]
	at org.eclipse.emf.ecore.resource.impl.ResourceImpl.load(ResourceImpl.java:1518) ~[na:na]
	at org.eclipse.emf.ecore.resource.impl.ResourceImpl.load(ResourceImpl.java:1297) ~[na:na]
	at org.eclipse.emf.ecore.resource.impl.ResourceSetImpl.demandLoad(ResourceSetImpl.java:259) ~[na:na]
	at org.eclipse.jem.internal.util.emf.workbench.ProjectResourceSetImpl.demandLoad(ProjectResourceSetImpl.java:811) ~[na:na]
	at org.eclipse.emf.ecore.resource.impl.ResourceSetImpl.demandLoadHelper(ResourceSetImpl.java:274) ~[na:na]
	... 37 common frames omitted
Caused by: java.lang.IllegalArgumentException: The value '4.0' is not a valid enumerator of 'WebAppVersionType'
	at org.eclipse.jst.javaee.web.internal.impl.WebFactoryImpl.createWebAppVersionTypeFromString(WebFactoryImpl.java:592) ~[org.eclipse.jst.j2ee.core_1.3.200.v201505041449.jar:na]
	at org.eclipse.jst.javaee.web.internal.impl.WebFactoryImpl.createFromString(WebFactoryImpl.java:122) ~[org.eclipse.jst.j2ee.core_1.3.200.v201505041449.jar:na]
	at org.eclipse.emf.ecore.xmi.impl.XMLHelperImpl.createFromString(XMLHelperImpl.java:1615) ~[na:na]
	at org.eclipse.emf.ecore.xmi.impl.XMLHelperImpl.setValue(XMLHelperImpl.java:1156) ~[na:na]
	at org.eclipse.emf.ecore.xmi.impl.XMLHandler.setFeatureValue(XMLHandler.java:2692) ~[na:na]
	... 74 common frames omitted
2018-12-29 16:04:27,101 [Worker-13] INFO  o.e.m.w.i.f.ResourceFilteringBuildParticipant - Cleaning filtered folder for springdemo
2018-12-29 16:04:27,109 [Worker-13] INFO  o.e.m.c.i.p.ProjectConfigurationManager - Update completed: 24 sec
2018-12-29 16:04:48,803 [Worker-16] INFO  o.e.m.c.i.embedder.EclipseLogger - Using 'UTF-8' encoding to copy filtered resources.
2018-12-29 16:04:48,803 [Worker-16] INFO  o.e.m.c.i.embedder.EclipseLogger - Copying 1 resource
2018-12-29 16:04:48,824 [Worker-16] INFO  o.e.m.c.i.embedder.EclipseLogger - Copying 0 resource
2018-12-29 16:04:48,828 [Worker-16] INFO  o.e.m.c.i.embedder.EclipseLogger - Using 'UTF-8' encoding to copy filtered resources.
2018-12-29 16:04:48,828 [Worker-16] INFO  o.e.m.c.i.embedder.EclipseLogger - skip non existing resourceDirectory D:\Software\Programmer\Java\Eclipse\My-WorkSpace\sb-hibernate\src\test\resources
2018-12-29 16:04:51,146 [Worker-17] INFO  o.e.m.c.i.embedder.EclipseLogger - Using 'UTF-8' encoding to copy filtered resources.
2018-12-29 16:04:51,146 [Worker-17] INFO  o.e.m.c.i.embedder.EclipseLogger - Copying 1 resource
2018-12-29 16:04:51,149 [Worker-17] INFO  o.e.m.c.i.embedder.EclipseLogger - Copying 2 resources
2018-12-29 16:04:51,159 [Worker-17] INFO  o.e.m.c.i.embedder.EclipseLogger - Using 'UTF-8' encoding to copy filtered resources.
2018-12-29 16:04:51,159 [Worker-17] INFO  o.e.m.c.i.embedder.EclipseLogger - skip non existing resourceDirectory D:\Software\Programmer\Java\Eclipse\My-WorkSpace\sb-mybatis\src\test\resources
2018-12-29 16:04:51,349 [Worker-17] WARN  o.e.m.c.i.embedder.EclipseLogger - Using platform encoding (GBK actually) to copy filtered resources, i.e. build is platform dependent!
2018-12-29 16:04:51,351 [Worker-17] INFO  o.e.m.c.i.embedder.EclipseLogger - Copying 1 resource
2018-12-29 16:04:51,363 [Worker-17] WARN  o.e.m.c.i.embedder.EclipseLogger - Using platform encoding (GBK actually) to copy filtered resources, i.e. build is platform dependent!
2018-12-29 16:04:51,364 [Worker-17] INFO  o.e.m.c.i.embedder.EclipseLogger - skip non existing resourceDirectory D:\Software\Programmer\Java\Eclipse\My-WorkSpace\springdemo\src\test\resources
2018-12-29 16:04:51,365 [Worker-17] INFO  o.e.m.w.i.f.ResourceFilteringBuildParticipant - Changed resources require a complete clean of filtered resources of springdemo
2018-12-29 16:04:51,365 [Worker-17] INFO  o.e.m.w.i.f.ResourceFilteringBuildParticipant - Executing resource filtering for springdemo
2018-12-29 16:04:51,370 [Worker-17] WARN  o.e.m.c.i.embedder.EclipseLogger - Using platform encoding (GBK actually) to copy filtered resources, i.e. build is platform dependent!
2018-12-29 16:06:32,420 [Worker-12] INFO  o.e.m.c.i.embedder.EclipseLogger - Using 'UTF-8' encoding to copy filtered resources.
2018-12-29 16:06:32,423 [Worker-12] INFO  o.e.m.c.i.embedder.EclipseLogger - Copying 0 resource
2018-12-29 16:06:32,423 [Worker-12] INFO  o.e.m.c.i.embedder.EclipseLogger - Copying 0 resource
2018-12-29 16:06:32,425 [Worker-12] INFO  o.e.m.c.i.embedder.EclipseLogger - Using 'UTF-8' encoding to copy filtered resources.
2018-12-29 16:06:32,426 [Worker-12] INFO  o.e.m.c.i.embedder.EclipseLogger - skip non existing resourceDirectory D:\Software\Programmer\Java\Eclipse\My-WorkSpace\sb-hibernate\src\test\resources
2018-12-29 16:06:33,452 [Worker-4] INFO  o.e.m.c.i.embedder.EclipseLogger - Using 'UTF-8' encoding to copy filtered resources.
2018-12-29 16:06:33,452 [Worker-4] INFO  o.e.m.c.i.embedder.EclipseLogger - Copying 0 resource
2018-12-29 16:06:33,452 [Worker-4] INFO  o.e.m.c.i.embedder.EclipseLogger - Copying 0 resource
2018-12-29 16:06:33,455 [Worker-4] INFO  o.e.m.c.i.embedder.EclipseLogger - Using 'UTF-8' encoding to copy filtered resources.
2018-12-29 16:06:33,456 [Worker-4] INFO  o.e.m.c.i.embedder.EclipseLogger - skip non existing resourceDirectory D:\Software\Programmer\Java\Eclipse\My-WorkSpace\sb-hibernate\src\test\resources
2018-12-29 16:06:48,160 [Worker-13] INFO  o.e.m.c.i.embedder.EclipseLogger - Using 'UTF-8' encoding to copy filtered resources.
2018-12-29 16:06:48,160 [Worker-13] INFO  o.e.m.c.i.embedder.EclipseLogger - Copying 0 resource
2018-12-29 16:06:48,160 [Worker-13] INFO  o.e.m.c.i.embedder.EclipseLogger - Copying 0 resource
2018-12-29 16:06:48,162 [Worker-13] INFO  o.e.m.c.i.embedder.EclipseLogger - Using 'UTF-8' encoding to copy filtered resources.
2018-12-29 16:06:48,162 [Worker-13] INFO  o.e.m.c.i.embedder.EclipseLogger - skip non existing resourceDirectory D:\Software\Programmer\Java\Eclipse\My-WorkSpace\sb-hibernate\src\test\resources
2018-12-29 16:07:12,659 [Worker-4] INFO  o.e.m.c.i.embedder.EclipseLogger - Using 'UTF-8' encoding to copy filtered resources.
2018-12-29 16:07:12,661 [Worker-4] INFO  o.e.m.c.i.embedder.EclipseLogger - Copying 1 resource
2018-12-29 16:07:12,665 [Worker-4] INFO  o.e.m.c.i.embedder.EclipseLogger - Copying 0 resource
2018-12-29 16:07:12,668 [Worker-4] INFO  o.e.m.c.i.embedder.EclipseLogger - Using 'UTF-8' encoding to copy filtered resources.
2018-12-29 16:07:12,668 [Worker-4] INFO  o.e.m.c.i.embedder.EclipseLogger - skip non existing resourceDirectory D:\Software\Programmer\Java\Eclipse\My-WorkSpace\sb-hibernate\src\test\resources
2018-12-29 16:07:59,494 [Worker-4] INFO  o.e.m.c.i.embedder.EclipseLogger - Using 'UTF-8' encoding to copy filtered resources.
2018-12-29 16:07:59,495 [Worker-4] INFO  o.e.m.c.i.embedder.EclipseLogger - Copying 1 resource
2018-12-29 16:07:59,497 [Worker-4] INFO  o.e.m.c.i.embedder.EclipseLogger - Copying 0 resource
2018-12-29 16:07:59,501 [Worker-4] INFO  o.e.m.c.i.embedder.EclipseLogger - Using 'UTF-8' encoding to copy filtered resources.
2018-12-29 16:07:59,502 [Worker-4] INFO  o.e.m.c.i.embedder.EclipseLogger - skip non existing resourceDirectory D:\Software\Programmer\Java\Eclipse\My-WorkSpace\sb-hibernate\src\test\resources
2018-12-29 16:08:02,384 [Worker-0] INFO  o.e.m.c.i.l.LifecycleMappingFactory - Using org.eclipse.m2e.jdt.JarLifecycleMapping lifecycle mapping for MavenProject: com.zzh.demo:springboot-demo:0.0.1-SNAPSHOT @ D:\Software\Programmer\Java\Eclipse\My-WorkSpace\sb-mybatis\pom.xml.
2018-12-29 16:08:03,020 [Worker-0] INFO  o.e.m.c.i.embedder.EclipseLogger - Using 'UTF-8' encoding to copy filtered resources.
2018-12-29 16:08:03,021 [Worker-0] INFO  o.e.m.c.i.embedder.EclipseLogger - Copying 1 resource
2018-12-29 16:08:03,025 [Worker-0] INFO  o.e.m.c.i.embedder.EclipseLogger - Copying 0 resource
2018-12-29 16:08:03,030 [Worker-0] INFO  o.e.m.c.i.embedder.EclipseLogger - Using 'UTF-8' encoding to copy filtered resources.
2018-12-29 16:08:03,030 [Worker-0] INFO  o.e.m.c.i.embedder.EclipseLogger - skip non existing resourceDirectory D:\Software\Programmer\Java\Eclipse\My-WorkSpace\sb-mybatis\src\test\resources
2018-12-29 16:08:04,800 [Worker-7] INFO  o.e.m.c.i.embedder.EclipseLogger - Using 'UTF-8' encoding to copy filtered resources.
2018-12-29 16:08:04,801 [Worker-7] INFO  o.e.m.c.i.embedder.EclipseLogger - Copying 1 resource
2018-12-29 16:08:04,803 [Worker-7] INFO  o.e.m.c.i.embedder.EclipseLogger - Copying 0 resource
2018-12-29 16:08:04,805 [Worker-7] INFO  o.e.m.c.i.embedder.EclipseLogger - Using 'UTF-8' encoding to copy filtered resources.
2018-12-29 16:08:04,805 [Worker-7] INFO  o.e.m.c.i.embedder.EclipseLogger - skip non existing resourceDirectory D:\Software\Programmer\Java\Eclipse\My-WorkSpace\sb-mybatis\src\test\resources
2018-12-29 16:08:06,078 [Worker-11] WARN  o.e.m.c.i.embedder.EclipseLogger - Using platform encoding (GBK actually) to copy filtered resources, i.e. build is platform dependent!
2018-12-29 16:08:06,082 [Worker-11] INFO  o.e.m.c.i.embedder.EclipseLogger - Copying 1 resource
2018-12-29 16:08:06,084 [Worker-11] WARN  o.e.m.c.i.embedder.EclipseLogger - Using platform encoding (GBK actually) to copy filtered resources, i.e. build is platform dependent!
2018-12-29 16:08:06,085 [Worker-11] INFO  o.e.m.c.i.embedder.EclipseLogger - skip non existing resourceDirectory D:\Software\Programmer\Java\Eclipse\My-WorkSpace\springdemo\src\test\resources
2018-12-29 16:14:36,015 [Worker-8] WARN  o.e.m.c.i.embedder.EclipseLogger - Using platform encoding (GBK actually) to copy filtered resources, i.e. build is platform dependent!
2018-12-29 16:14:36,072 [Worker-8] INFO  o.e.m.c.i.embedder.EclipseLogger - Copying 1 resource
2018-12-29 16:14:36,085 [Worker-8] WARN  o.e.m.c.i.embedder.EclipseLogger - Using platform encoding (GBK actually) to copy filtered resources, i.e. build is platform dependent!
2018-12-29 16:14:36,086 [Worker-8] INFO  o.e.m.c.i.embedder.EclipseLogger - skip non existing resourceDirectory D:\Software\Programmer\Java\Eclipse\My-WorkSpace\springdemo\src\test\resources
2018-12-29 16:14:36,430 [main] ERROR o.e.m2e.editor.pom.OverviewPage - Failed to populate overview panel
java.lang.NullPointerException: null
	at org.eclipse.m2e.core.ui.internal.editing.PomEdits.performOnDOMDocument(PomEdits.java:510) ~[org.eclipse.m2e.core.ui_1.7.0.20160603-1933.jar:na]
	at org.eclipse.m2e.editor.pom.OverviewPage$17.run(OverviewPage.java:1129) ~[na:na]
	at org.eclipse.swt.widgets.RunnableLock.run(RunnableLock.java:35) [org.eclipse.swt.win32.win32.x86_64_3.105.3.v20170228-0512.jar:na]
	at org.eclipse.swt.widgets.Synchronizer.runAsyncMessages(Synchronizer.java:182) [org.eclipse.swt.win32.win32.x86_64_3.105.3.v20170228-0512.jar:na]
	at org.eclipse.swt.widgets.Display.runAsyncMessages(Display.java:4211) [org.eclipse.swt.win32.win32.x86_64_3.105.3.v20170228-0512.jar:na]
	at org.eclipse.swt.widgets.Display.readAndDispatch(Display.java:3827) [org.eclipse.swt.win32.win32.x86_64_3.105.3.v20170228-0512.jar:na]
	at org.eclipse.e4.ui.internal.workbench.swt.PartRenderingEngine$4.run(PartRenderingEngine.java:1121) [org.eclipse.e4.ui.workbench.swt_0.14.1.v20160829-0832.jar:na]
	at org.eclipse.core.databinding.observable.Realm.runWithDefault(Realm.java:336) [org.eclipse.core.databinding.observable_1.6.0.v20160511-1747.jar:na]
	at org.eclipse.e4.ui.internal.workbench.swt.PartRenderingEngine.run(PartRenderingEngine.java:1022) [org.eclipse.e4.ui.workbench.swt_0.14.1.v20160829-0832.jar:na]
	at org.eclipse.e4.ui.internal.workbench.E4Workbench.createAndRunUI(E4Workbench.java:150) [org.eclipse.e4.ui.workbench_1.4.0.v20160517-1624.jar:na]
	at org.eclipse.ui.internal.Workbench$5.run(Workbench.java:693) [org.eclipse.ui.workbench_3.108.3.v20170216-1539.jar:na]
	at org.eclipse.core.databinding.observable.Realm.runWithDefault(Realm.java:336) [org.eclipse.core.databinding.observable_1.6.0.v20160511-1747.jar:na]
	at org.eclipse.ui.internal.Workbench.createAndRunWorkbench(Workbench.java:610) [org.eclipse.ui.workbench_3.108.3.v20170216-1539.jar:na]
	at org.eclipse.ui.PlatformUI.createAndRunWorkbench(PlatformUI.java:148) [org.eclipse.ui.workbench_3.108.3.v20170216-1539.jar:na]
	at org.eclipse.ui.internal.ide.application.IDEApplication.start(IDEApplication.java:138) [org.eclipse.ui.ide.application_1.1.101.v20160829-0827.jar:na]
	at org.eclipse.equinox.internal.app.EclipseAppHandle.run(EclipseAppHandle.java:196) [org.eclipse.equinox.app_1.3.400.v20150715-1528.jar:na]
	at org.eclipse.core.runtime.internal.adaptor.EclipseAppLauncher.runApplication(EclipseAppLauncher.java:134) [org.eclipse.osgi_3.11.3.v20170209-1843.jar:na]
	at org.eclipse.core.runtime.internal.adaptor.EclipseAppLauncher.start(EclipseAppLauncher.java:104) [org.eclipse.osgi_3.11.3.v20170209-1843.jar:na]
	at org.eclipse.core.runtime.adaptor.EclipseStarter.run(EclipseStarter.java:388) [org.eclipse.osgi_3.11.3.v20170209-1843.jar:na]
	at org.eclipse.core.runtime.adaptor.EclipseStarter.run(EclipseStarter.java:243) [org.eclipse.osgi_3.11.3.v20170209-1843.jar:na]
	at sun.reflect.NativeMethodAccessorImpl.invoke0(Native Method) ~[na:1.8.0_131]
	at sun.reflect.NativeMethodAccessorImpl.invoke(NativeMethodAccessorImpl.java:62) ~[na:1.8.0_131]
	at sun.reflect.DelegatingMethodAccessorImpl.invoke(DelegatingMethodAccessorImpl.java:43) ~[na:1.8.0_131]
	at java.lang.reflect.Method.invoke(Method.java:498) ~[na:1.8.0_131]
	at org.eclipse.equinox.launcher.Main.invokeFramework(Main.java:673) [org.eclipse.equinox.launcher_1.3.201.v20161025-1711.jar:na]
	at org.eclipse.equinox.launcher.Main.basicRun(Main.java:610) [org.eclipse.equinox.launcher_1.3.201.v20161025-1711.jar:na]
	at org.eclipse.equinox.launcher.Main.run(Main.java:1519) [org.eclipse.equinox.launcher_1.3.201.v20161025-1711.jar:na]
2018-12-29 16:14:47,584 [Worker-6] INFO  o.e.m.w.i.f.ResourceFilteringBuildParticipant - Cleaning filtered folder for springdemo
2018-12-29 16:14:50,379 [Worker-16] INFO  o.e.m.c.i.embedder.EclipseLogger - Using 'UTF-8' encoding to copy filtered resources.
2018-12-29 16:14:50,381 [Worker-16] INFO  o.e.m.c.i.embedder.EclipseLogger - Copying 1 resource
2018-12-29 16:14:50,408 [Worker-16] INFO  o.e.m.c.i.embedder.EclipseLogger - Copying 0 resource
2018-12-29 16:14:50,412 [Worker-16] INFO  o.e.m.c.i.embedder.EclipseLogger - Using 'UTF-8' encoding to copy filtered resources.
2018-12-29 16:14:50,412 [Worker-16] INFO  o.e.m.c.i.embedder.EclipseLogger - skip non existing resourceDirectory D:\Software\Programmer\Java\Eclipse\My-WorkSpace\sb-hibernate\src\test\resources
2018-12-29 16:14:52,551 [Worker-16] INFO  o.e.m.c.i.embedder.EclipseLogger - Using 'UTF-8' encoding to copy filtered resources.
2018-12-29 16:14:52,551 [Worker-16] INFO  o.e.m.c.i.embedder.EclipseLogger - Copying 1 resource
2018-12-29 16:14:52,554 [Worker-16] INFO  o.e.m.c.i.embedder.EclipseLogger - Copying 0 resource
2018-12-29 16:14:52,556 [Worker-16] INFO  o.e.m.c.i.embedder.EclipseLogger - Using 'UTF-8' encoding to copy filtered resources.
2018-12-29 16:14:52,556 [Worker-16] INFO  o.e.m.c.i.embedder.EclipseLogger - skip non existing resourceDirectory D:\Software\Programmer\Java\Eclipse\My-WorkSpace\sb-mybatis\src\test\resources
2018-12-29 16:14:52,736 [Worker-16] WARN  o.e.m.c.i.embedder.EclipseLogger - Using platform encoding (GBK actually) to copy filtered resources, i.e. build is platform dependent!
2018-12-29 16:14:52,739 [Worker-16] INFO  o.e.m.c.i.embedder.EclipseLogger - Copying 1 resource
2018-12-29 16:14:52,747 [Worker-16] WARN  o.e.m.c.i.embedder.EclipseLogger - Using platform encoding (GBK actually) to copy filtered resources, i.e. build is platform dependent!
2018-12-29 16:14:52,748 [Worker-16] INFO  o.e.m.c.i.embedder.EclipseLogger - skip non existing resourceDirectory D:\Software\Programmer\Java\Eclipse\My-WorkSpace\springdemo\src\test\resources
2018-12-29 16:14:52,749 [Worker-16] INFO  o.e.m.w.i.f.ResourceFilteringBuildParticipant - Changed resources require a complete clean of filtered resources of springdemo
2018-12-29 16:14:52,750 [Worker-16] INFO  o.e.m.w.i.f.ResourceFilteringBuildParticipant - Executing resource filtering for springdemo
2018-12-29 16:14:52,801 [Worker-16] WARN  o.e.m.c.i.embedder.EclipseLogger - Using platform encoding (GBK actually) to copy filtered resources, i.e. build is platform dependent!
2019-01-11 14:41:56,440 [Worker-7] INFO  o.e.m.c.i.embedder.EclipseLogger - Using 'UTF-8' encoding to copy filtered resources.
2019-01-11 14:41:56,450 [Worker-7] INFO  o.e.m.c.i.embedder.EclipseLogger - Copying 1 resource
2019-01-11 14:41:56,478 [Worker-7] INFO  o.e.m.c.i.embedder.EclipseLogger - Copying 0 resource
2019-01-11 14:41:56,481 [Worker-7] INFO  o.e.m.c.i.embedder.EclipseLogger - Using 'UTF-8' encoding to copy filtered resources.
2019-01-11 14:41:56,482 [Worker-7] INFO  o.e.m.c.i.embedder.EclipseLogger - skip non existing resourceDirectory D:\Software\Programmer\Java\Eclipse\My-WorkSpace\sb-hibernate\src\test\resources
2019-01-11 14:41:58,040 [Worker-7] INFO  o.e.m.c.i.embedder.EclipseLogger - Using 'UTF-8' encoding to copy filtered resources.
2019-01-11 14:41:58,042 [Worker-7] INFO  o.e.m.c.i.embedder.EclipseLogger - Copying 1 resource
2019-01-11 14:41:58,045 [Worker-7] INFO  o.e.m.c.i.embedder.EclipseLogger - Copying 0 resource
2019-01-11 14:41:58,048 [Worker-7] INFO  o.e.m.c.i.embedder.EclipseLogger - Using 'UTF-8' encoding to copy filtered resources.
2019-01-11 14:41:58,049 [Worker-7] INFO  o.e.m.c.i.embedder.EclipseLogger - skip non existing resourceDirectory D:\Software\Programmer\Java\Eclipse\My-WorkSpace\sb-mybatis\src\test\resources
2019-01-11 14:41:58,480 [Worker-7] WARN  o.e.m.c.i.embedder.EclipseLogger - Using platform encoding (GBK actually) to copy filtered resources, i.e. build is platform dependent!
2019-01-11 14:41:58,483 [Worker-7] INFO  o.e.m.c.i.embedder.EclipseLogger - Copying 1 resource
2019-01-11 14:41:58,490 [Worker-7] WARN  o.e.m.c.i.embedder.EclipseLogger - Using platform encoding (GBK actually) to copy filtered resources, i.e. build is platform dependent!
2019-01-11 14:41:58,492 [Worker-7] INFO  o.e.m.c.i.embedder.EclipseLogger - skip non existing resourceDirectory D:\Software\Programmer\Java\Eclipse\My-WorkSpace\springdemo\src\test\resources
2019-01-11 14:42:05,596 [Worker-7] WARN  o.e.m.c.i.embedder.EclipseLogger - Using platform encoding (GBK actually) to copy filtered resources, i.e. build is platform dependent!
2019-01-11 14:42:05,609 [Worker-7] INFO  o.e.m.c.i.embedder.EclipseLogger - Copying 1 resource
2019-01-11 14:42:05,612 [Worker-7] WARN  o.e.m.c.i.embedder.EclipseLogger - Using platform encoding (GBK actually) to copy filtered resources, i.e. build is platform dependent!
2019-01-11 14:42:05,613 [Worker-7] INFO  o.e.m.c.i.embedder.EclipseLogger - skip non existing resourceDirectory D:\Software\Programmer\Java\Eclipse\My-WorkSpace\springdemo\src\test\resources
2019-01-11 14:42:05,616 [Worker-7] INFO  o.e.m.w.i.f.ResourceFilteringBuildParticipant - Changed resources require a complete clean of filtered resources of springdemo
2019-01-11 14:42:05,617 [Worker-7] INFO  o.e.m.w.i.f.ResourceFilteringBuildParticipant - Executing resource filtering for springdemo
2019-01-11 14:42:05,683 [Worker-7] WARN  o.e.m.c.i.embedder.EclipseLogger - Using platform encoding (GBK actually) to copy filtered resources, i.e. build is platform dependent!
2019-01-11 14:43:09,329 [main] INFO  o.e.m2e.actions.ExecutePomAction - Creating new launch configuration
2019-01-11 14:43:19,946 [Worker-13] INFO  o.e.m.i.launch.MavenLaunchDelegate - D:\Software\Programmer\Java\Eclipse\My-WorkSpace\springdemo
2019-01-11 14:43:19,955 [Worker-13] INFO  o.e.m.i.launch.MavenLaunchDelegate -  mvn -B -gs D:\Software\Programmer\Tools\Maven\apache-maven-3.5.4\conf\settings.xml -s D:\Software\Programmer\Tools\Maven\apache-maven-3.5.4\conf\settings.xml clean
2019-01-11 14:44:39,666 [Worker-13] INFO  o.e.m.c.i.embedder.EclipseLogger - Using 'UTF-8' encoding to copy filtered resources.
2019-01-11 14:44:39,669 [Worker-13] INFO  o.e.m.c.i.embedder.EclipseLogger - Copying 0 resource
2019-01-11 14:44:39,669 [Worker-13] INFO  o.e.m.c.i.embedder.EclipseLogger - Copying 0 resource
2019-01-11 14:44:39,674 [Worker-13] INFO  o.e.m.c.i.embedder.EclipseLogger - Using 'UTF-8' encoding to copy filtered resources.
2019-01-11 14:44:39,674 [Worker-13] INFO  o.e.m.c.i.embedder.EclipseLogger - skip non existing resourceDirectory D:\Software\Programmer\Java\Eclipse\My-WorkSpace\sb-hibernate\src\test\resources
2019-01-11 14:44:39,709 [Worker-13] INFO  o.e.m.c.i.embedder.EclipseLogger - Using 'UTF-8' encoding to copy filtered resources.
2019-01-11 14:44:39,710 [Worker-13] INFO  o.e.m.c.i.embedder.EclipseLogger - Copying 0 resource
2019-01-11 14:44:39,711 [Worker-13] INFO  o.e.m.c.i.embedder.EclipseLogger - Copying 0 resource
2019-01-11 14:44:39,713 [Worker-13] INFO  o.e.m.c.i.embedder.EclipseLogger - Using 'UTF-8' encoding to copy filtered resources.
2019-01-11 14:44:39,713 [Worker-13] INFO  o.e.m.c.i.embedder.EclipseLogger - skip non existing resourceDirectory D:\Software\Programmer\Java\Eclipse\My-WorkSpace\sb-mybatis\src\test\resources
2019-01-11 14:44:39,729 [Worker-13] WARN  o.e.m.c.i.embedder.EclipseLogger - Using platform encoding (GBK actually) to copy filtered resources, i.e. build is platform dependent!
2019-01-11 14:44:39,735 [Worker-13] INFO  o.e.m.c.i.embedder.EclipseLogger - Copying 1 resource
2019-01-11 14:44:39,744 [Worker-13] WARN  o.e.m.c.i.embedder.EclipseLogger - Using platform encoding (GBK actually) to copy filtered resources, i.e. build is platform dependent!
2019-01-11 14:44:39,745 [Worker-13] INFO  o.e.m.c.i.embedder.EclipseLogger - skip non existing resourceDirectory D:\Software\Programmer\Java\Eclipse\My-WorkSpace\springdemo\src\test\resources
2019-01-11 14:44:45,675 [main] INFO  o.e.m2e.actions.ExecutePomAction - Creating new launch configuration
2019-01-11 14:44:51,600 [Worker-14] INFO  o.e.m.i.launch.MavenLaunchDelegate - D:\Software\Programmer\Java\Eclipse\My-WorkSpace\springdemo
2019-01-11 14:44:51,601 [Worker-14] INFO  o.e.m.i.launch.MavenLaunchDelegate -  mvn -B -gs D:\Software\Programmer\Tools\Maven\apache-maven-3.5.4\conf\settings.xml -s D:\Software\Programmer\Tools\Maven\apache-maven-3.5.4\conf\settings.xml clean
2019-01-11 14:45:10,201 [Worker-6] INFO  o.e.m.c.i.embedder.EclipseLogger - Using 'UTF-8' encoding to copy filtered resources.
2019-01-11 14:45:10,201 [Worker-6] INFO  o.e.m.c.i.embedder.EclipseLogger - Copying 0 resource
2019-01-11 14:45:10,201 [Worker-6] INFO  o.e.m.c.i.embedder.EclipseLogger - Copying 0 resource
2019-01-11 14:45:10,208 [Worker-6] INFO  o.e.m.c.i.embedder.EclipseLogger - Using 'UTF-8' encoding to copy filtered resources.
2019-01-11 14:45:10,208 [Worker-6] INFO  o.e.m.c.i.embedder.EclipseLogger - skip non existing resourceDirectory D:\Software\Programmer\Java\Eclipse\My-WorkSpace\sb-hibernate\src\test\resources
2019-01-11 14:45:10,239 [Worker-6] INFO  o.e.m.c.i.embedder.EclipseLogger - Using 'UTF-8' encoding to copy filtered resources.
2019-01-11 14:45:10,239 [Worker-6] INFO  o.e.m.c.i.embedder.EclipseLogger - Copying 0 resource
2019-01-11 14:45:10,239 [Worker-6] INFO  o.e.m.c.i.embedder.EclipseLogger - Copying 0 resource
2019-01-11 14:45:10,243 [Worker-6] INFO  o.e.m.c.i.embedder.EclipseLogger - Using 'UTF-8' encoding to copy filtered resources.
2019-01-11 14:45:10,243 [Worker-6] INFO  o.e.m.c.i.embedder.EclipseLogger - skip non existing resourceDirectory D:\Software\Programmer\Java\Eclipse\My-WorkSpace\sb-mybatis\src\test\resources
2019-01-11 14:45:10,259 [Worker-6] WARN  o.e.m.c.i.embedder.EclipseLogger - Using platform encoding (GBK actually) to copy filtered resources, i.e. build is platform dependent!
2019-01-11 14:45:10,260 [Worker-6] INFO  o.e.m.c.i.embedder.EclipseLogger - Copying 0 resource
2019-01-11 14:45:10,261 [Worker-6] WARN  o.e.m.c.i.embedder.EclipseLogger - Using platform encoding (GBK actually) to copy filtered resources, i.e. build is platform dependent!
2019-01-11 14:45:10,263 [Worker-6] INFO  o.e.m.c.i.embedder.EclipseLogger - skip non existing resourceDirectory D:\Software\Programmer\Java\Eclipse\My-WorkSpace\springdemo\src\test\resources
2019-01-11 17:14:02,324 [Worker-67] INFO  o.e.m.c.i.embedder.EclipseLogger - Using 'UTF-8' encoding to copy filtered resources.
2019-01-11 17:14:02,325 [Worker-67] INFO  o.e.m.c.i.embedder.EclipseLogger - Copying 0 resource
2019-01-11 17:14:02,326 [Worker-67] INFO  o.e.m.c.i.embedder.EclipseLogger - Copying 0 resource
2019-01-11 17:14:02,328 [Worker-67] INFO  o.e.m.c.i.embedder.EclipseLogger - Using 'UTF-8' encoding to copy filtered resources.
2019-01-11 17:14:02,329 [Worker-67] INFO  o.e.m.c.i.embedder.EclipseLogger - skip non existing resourceDirectory D:\Software\Programmer\Java\Eclipse\My-WorkSpace\sb-hibernate\src\test\resources
2019-01-11 17:14:02,347 [Worker-67] INFO  o.e.m.c.i.embedder.EclipseLogger - Using 'UTF-8' encoding to copy filtered resources.
2019-01-11 17:14:02,347 [Worker-67] INFO  o.e.m.c.i.embedder.EclipseLogger - Copying 0 resource
2019-01-11 17:14:02,347 [Worker-67] INFO  o.e.m.c.i.embedder.EclipseLogger - Copying 0 resource
2019-01-11 17:14:02,353 [Worker-67] INFO  o.e.m.c.i.embedder.EclipseLogger - Using 'UTF-8' encoding to copy filtered resources.
2019-01-11 17:14:02,353 [Worker-67] INFO  o.e.m.c.i.embedder.EclipseLogger - skip non existing resourceDirectory D:\Software\Programmer\Java\Eclipse\My-WorkSpace\sb-mybatis\src\test\resources
2019-01-11 17:14:02,367 [Worker-67] WARN  o.e.m.c.i.embedder.EclipseLogger - Using platform encoding (GBK actually) to copy filtered resources, i.e. build is platform dependent!
2019-01-11 17:14:02,369 [Worker-67] INFO  o.e.m.c.i.embedder.EclipseLogger - Copying 0 resource
2019-01-11 17:14:02,370 [Worker-67] WARN  o.e.m.c.i.embedder.EclipseLogger - Using platform encoding (GBK actually) to copy filtered resources, i.e. build is platform dependent!
2019-01-11 17:14:02,371 [Worker-67] INFO  o.e.m.c.i.embedder.EclipseLogger - skip non existing resourceDirectory D:\Software\Programmer\Java\Eclipse\My-WorkSpace\springdemo\src\test\resources
2019-01-11 17:14:39,235 [Worker-67] INFO  o.e.m.c.i.l.LifecycleMappingFactory - Using org.eclipse.m2e.jdt.JarLifecycleMapping lifecycle mapping for MavenProject: com.zzh.demo:springboot-demo:0.0.1-SNAPSHOT @ D:\Software\Programmer\Java\Eclipse\My-WorkSpace\sb-hibernate\pom.xml.
2019-01-11 17:14:41,825 [Worker-67] INFO  o.e.m.c.i.embedder.EclipseLogger - Using 'UTF-8' encoding to copy filtered resources.
2019-01-11 17:14:41,826 [Worker-67] INFO  o.e.m.c.i.embedder.EclipseLogger - Copying 1 resource
2019-01-11 17:14:41,906 [Worker-67] INFO  o.e.m.c.i.embedder.EclipseLogger - Copying 0 resource
2019-01-11 17:14:41,920 [Worker-67] INFO  o.e.m.c.i.embedder.EclipseLogger - Using 'UTF-8' encoding to copy filtered resources.
2019-01-11 17:14:41,923 [Worker-67] INFO  o.e.m.c.i.embedder.EclipseLogger - skip non existing resourceDirectory D:\Software\Programmer\Java\Eclipse\My-WorkSpace\sb-hibernate\src\test\resources
2019-01-11 17:14:46,457 [Worker-69] INFO  o.e.m.c.i.embedder.EclipseLogger - Using 'UTF-8' encoding to copy filtered resources.
2019-01-11 17:14:46,465 [Worker-69] INFO  o.e.m.c.i.embedder.EclipseLogger - Copying 1 resource
2019-01-11 17:14:46,469 [Worker-69] INFO  o.e.m.c.i.embedder.EclipseLogger - Copying 0 resource
2019-01-11 17:14:46,478 [Worker-69] INFO  o.e.m.c.i.embedder.EclipseLogger - Using 'UTF-8' encoding to copy filtered resources.
2019-01-11 17:14:46,478 [Worker-69] INFO  o.e.m.c.i.embedder.EclipseLogger - skip non existing resourceDirectory D:\Software\Programmer\Java\Eclipse\My-WorkSpace\sb-hibernate\src\test\resources
2019-01-11 17:14:48,173 [Worker-69] INFO  o.e.m.c.i.l.LifecycleMappingFactory - Using org.eclipse.m2e.jdt.JarLifecycleMapping lifecycle mapping for MavenProject: com.zzh.demo:springboot-demo:0.0.1-SNAPSHOT @ D:\Software\Programmer\Java\Eclipse\My-WorkSpace\sb-mybatis\pom.xml.
2019-01-11 17:14:48,916 [Worker-69] INFO  o.e.m.c.i.embedder.EclipseLogger - Using 'UTF-8' encoding to copy filtered resources.
2019-01-11 17:14:48,916 [Worker-69] INFO  o.e.m.c.i.embedder.EclipseLogger - Copying 1 resource
2019-01-11 17:14:48,919 [Worker-69] INFO  o.e.m.c.i.embedder.EclipseLogger - Copying 0 resource
2019-01-11 17:14:48,921 [Worker-69] INFO  o.e.m.c.i.embedder.EclipseLogger - Using 'UTF-8' encoding to copy filtered resources.
2019-01-11 17:14:48,923 [Worker-69] INFO  o.e.m.c.i.embedder.EclipseLogger - skip non existing resourceDirectory D:\Software\Programmer\Java\Eclipse\My-WorkSpace\sb-mybatis\src\test\resources
2019-01-11 17:14:49,171 [Worker-69] INFO  o.e.m.c.i.l.LifecycleMappingFactory - Using org.maven.ide.eclipse.wtp.WarLifecycleMapping lifecycle mapping for MavenProject: com.zzh.springdemo:springdemo:0.0.1-SNAPSHOT @ D:\Software\Programmer\Java\Eclipse\My-WorkSpace\springdemo\pom.xml.
2019-01-11 17:14:50,199 [Worker-69] WARN  o.e.m.c.i.embedder.EclipseLogger - Using platform encoding (GBK actually) to copy filtered resources, i.e. build is platform dependent!
2019-01-11 17:14:50,201 [Worker-69] INFO  o.e.m.c.i.embedder.EclipseLogger - Copying 1 resource
2019-01-11 17:14:50,221 [Worker-69] WARN  o.e.m.c.i.embedder.EclipseLogger - Using platform encoding (GBK actually) to copy filtered resources, i.e. build is platform dependent!
2019-01-11 17:14:50,223 [Worker-69] INFO  o.e.m.c.i.embedder.EclipseLogger - skip non existing resourceDirectory D:\Software\Programmer\Java\Eclipse\My-WorkSpace\springdemo\src\test\resources
2019-01-11 17:15:07,301 [Worker-73] INFO  o.e.m.c.i.embedder.EclipseLogger - Using 'UTF-8' encoding to copy filtered resources.
2019-01-11 17:15:07,302 [Worker-73] INFO  o.e.m.c.i.embedder.EclipseLogger - Copying 1 resource
2019-01-11 17:15:07,304 [Worker-73] INFO  o.e.m.c.i.embedder.EclipseLogger - Copying 0 resource
2019-01-11 17:15:07,306 [Worker-73] INFO  o.e.m.c.i.embedder.EclipseLogger - Using 'UTF-8' encoding to copy filtered resources.
2019-01-11 17:15:07,306 [Worker-73] INFO  o.e.m.c.i.embedder.EclipseLogger - skip non existing resourceDirectory D:\Software\Programmer\Java\Eclipse\My-WorkSpace\sb-mybatis\src\test\resources
2019-01-11 17:15:07,651 [Worker-67] WARN  o.e.m.c.i.embedder.EclipseLogger - Using platform encoding (GBK actually) to copy filtered resources, i.e. build is platform dependent!
2019-01-11 17:15:07,655 [Worker-67] INFO  o.e.m.c.i.embedder.EclipseLogger - Copying 1 resource
2019-01-11 17:15:07,659 [Worker-67] WARN  o.e.m.c.i.embedder.EclipseLogger - Using platform encoding (GBK actually) to copy filtered resources, i.e. build is platform dependent!
2019-01-11 17:15:07,660 [Worker-67] INFO  o.e.m.c.i.embedder.EclipseLogger - skip non existing resourceDirectory D:\Software\Programmer\Java\Eclipse\My-WorkSpace\springdemo\src\test\resources
2019-01-17 14:07:04,576 [Worker-0] INFO  o.e.m.c.i.embedder.EclipseLogger - Using 'UTF-8' encoding to copy filtered resources.
2019-01-17 14:07:04,588 [Worker-0] INFO  o.e.m.c.i.embedder.EclipseLogger - Copying 1 resource
2019-01-17 14:07:04,607 [Worker-0] INFO  o.e.m.c.i.embedder.EclipseLogger - Copying 0 resource
2019-01-17 14:07:04,611 [Worker-0] INFO  o.e.m.c.i.embedder.EclipseLogger - Using 'UTF-8' encoding to copy filtered resources.
2019-01-17 14:07:04,611 [Worker-0] INFO  o.e.m.c.i.embedder.EclipseLogger - skip non existing resourceDirectory D:\Software\Programmer\Java\Eclipse\My-WorkSpace\sb-hibernate\src\test\resources
2019-01-17 14:07:07,534 [Worker-3] INFO  o.e.m.c.i.embedder.EclipseLogger - Using 'UTF-8' encoding to copy filtered resources.
2019-01-17 14:07:07,537 [Worker-3] INFO  o.e.m.c.i.embedder.EclipseLogger - Copying 1 resource
2019-01-17 14:07:07,539 [Worker-3] INFO  o.e.m.c.i.embedder.EclipseLogger - Copying 0 resource
2019-01-17 14:07:07,542 [Worker-3] INFO  o.e.m.c.i.embedder.EclipseLogger - Using 'UTF-8' encoding to copy filtered resources.
2019-01-17 14:07:07,543 [Worker-3] INFO  o.e.m.c.i.embedder.EclipseLogger - skip non existing resourceDirectory D:\Software\Programmer\Java\Eclipse\My-WorkSpace\sb-mybatis\src\test\resources
2019-01-17 14:07:08,023 [Worker-3] WARN  o.e.m.c.i.embedder.EclipseLogger - Using platform encoding (GBK actually) to copy filtered resources, i.e. build is platform dependent!
2019-01-17 14:07:08,026 [Worker-3] INFO  o.e.m.c.i.embedder.EclipseLogger - Copying 1 resource
2019-01-17 14:07:08,034 [Worker-3] WARN  o.e.m.c.i.embedder.EclipseLogger - Using platform encoding (GBK actually) to copy filtered resources, i.e. build is platform dependent!
2019-01-17 14:07:08,036 [Worker-3] INFO  o.e.m.c.i.embedder.EclipseLogger - skip non existing resourceDirectory D:\Software\Programmer\Java\Eclipse\My-WorkSpace\springdemo\src\test\resources
